<?xml version="1.0" encoding="UTF-8"?>
<testsuite name="MainTest" tests="1" skipped="0" failures="0" errors="0" timestamp="2023-01-16T21:45:16" hostname="DESKTOP-HOAAD02" time="0.122">
  <properties/>
  <testcase name="Testa a função portaria" classname="MainTest" time="0.122"/>
  <system-out><![CDATA[]]></system-out>
  <system-err><![CDATA[]]></system-err>
</testsuite>
